Loading data...
Splitting...
Preparing logreg data...
Training Logistic Regression...
Epoch [1/1000] | Train loss: 0.6784 | Val loss: 0.6693 | Val AUC: 0.7030
Epoch [2/1000] | Train loss: 0.6567 | Val loss: 0.6511 | Val AUC: 0.8082
Epoch [3/1000] | Train loss: 0.6380 | Val loss: 0.6344 | Val AUC: 0.8485
Epoch [4/1000] | Train loss: 0.6209 | Val loss: 0.6193 | Val AUC: 0.8652
Epoch [5/1000] | Train loss: 0.6052 | Val loss: 0.6055 | Val AUC: 0.8739
Epoch [6/1000] | Train loss: 0.5908 | Val loss: 0.5928 | Val AUC: 0.8793
Epoch [7/1000] | Train loss: 0.5775 | Val loss: 0.5812 | Val AUC: 0.8830
Epoch [8/1000] | Train loss: 0.5652 | Val loss: 0.5704 | Val AUC: 0.8859
Epoch [9/1000] | Train loss: 0.5537 | Val loss: 0.5605 | Val AUC: 0.8881
Epoch [10/1000] | Train loss: 0.5430 | Val loss: 0.5512 | Val AUC: 0.8901
Epoch [11/1000] | Train loss: 0.5329 | Val loss: 0.5426 | Val AUC: 0.8918
Epoch [12/1000] | Train loss: 0.5235 | Val loss: 0.5345 | Val AUC: 0.8933
Epoch [13/1000] | Train loss: 0.5146 | Val loss: 0.5270 | Val AUC: 0.8947
Epoch [14/1000] | Train loss: 0.5062 | Val loss: 0.5199 | Val AUC: 0.8959
Epoch [15/1000] | Train loss: 0.4983 | Val loss: 0.5132 | Val AUC: 0.8971
Epoch [16/1000] | Train loss: 0.4907 | Val loss: 0.5069 | Val AUC: 0.8982
Epoch [17/1000] | Train loss: 0.4836 | Val loss: 0.5010 | Val AUC: 0.8993
Epoch [18/1000] | Train loss: 0.4768 | Val loss: 0.4954 | Val AUC: 0.9003
Epoch [19/1000] | Train loss: 0.4703 | Val loss: 0.4900 | Val AUC: 0.9013
Epoch [20/1000] | Train loss: 0.4641 | Val loss: 0.4849 | Val AUC: 0.9022
Epoch [21/1000] | Train loss: 0.4582 | Val loss: 0.4801 | Val AUC: 0.9030
Epoch [22/1000] | Train loss: 0.4525 | Val loss: 0.4755 | Val AUC: 0.9038
Epoch [23/1000] | Train loss: 0.4470 | Val loss: 0.4712 | Val AUC: 0.9046
Epoch [24/1000] | Train loss: 0.4418 | Val loss: 0.4670 | Val AUC: 0.9053
Epoch [25/1000] | Train loss: 0.4368 | Val loss: 0.4630 | Val AUC: 0.9060
Epoch [26/1000] | Train loss: 0.4319 | Val loss: 0.4592 | Val AUC: 0.9067
Epoch [27/1000] | Train loss: 0.4272 | Val loss: 0.4555 | Val AUC: 0.9073
Epoch [28/1000] | Train loss: 0.4227 | Val loss: 0.4520 | Val AUC: 0.9079
Epoch [29/1000] | Train loss: 0.4184 | Val loss: 0.4486 | Val AUC: 0.9085
Epoch [30/1000] | Train loss: 0.4142 | Val loss: 0.4454 | Val AUC: 0.9092
Epoch [31/1000] | Train loss: 0.4101 | Val loss: 0.4423 | Val AUC: 0.9097
Epoch [32/1000] | Train loss: 0.4062 | Val loss: 0.4393 | Val AUC: 0.9103
Epoch [33/1000] | Train loss: 0.4024 | Val loss: 0.4365 | Val AUC: 0.9108
Epoch [34/1000] | Train loss: 0.3987 | Val loss: 0.4337 | Val AUC: 0.9113
Epoch [35/1000] | Train loss: 0.3952 | Val loss: 0.4310 | Val AUC: 0.9118
Epoch [36/1000] | Train loss: 0.3917 | Val loss: 0.4285 | Val AUC: 0.9122
Epoch [37/1000] | Train loss: 0.3883 | Val loss: 0.4260 | Val AUC: 0.9127
Epoch [38/1000] | Train loss: 0.3851 | Val loss: 0.4236 | Val AUC: 0.9131
Epoch [39/1000] | Train loss: 0.3819 | Val loss: 0.4213 | Val AUC: 0.9135
Epoch [40/1000] | Train loss: 0.3788 | Val loss: 0.4191 | Val AUC: 0.9139
Epoch [41/1000] | Train loss: 0.3758 | Val loss: 0.4169 | Val AUC: 0.9143
Epoch [42/1000] | Train loss: 0.3729 | Val loss: 0.4149 | Val AUC: 0.9147
Epoch [43/1000] | Train loss: 0.3700 | Val loss: 0.4128 | Val AUC: 0.9151
Epoch [44/1000] | Train loss: 0.3672 | Val loss: 0.4109 | Val AUC: 0.9154
Epoch [45/1000] | Train loss: 0.3645 | Val loss: 0.4090 | Val AUC: 0.9158
Epoch [46/1000] | Train loss: 0.3619 | Val loss: 0.4072 | Val AUC: 0.9161
Epoch [47/1000] | Train loss: 0.3593 | Val loss: 0.4054 | Val AUC: 0.9164
Epoch [48/1000] | Train loss: 0.3568 | Val loss: 0.4037 | Val AUC: 0.9168
Epoch [49/1000] | Train loss: 0.3544 | Val loss: 0.4021 | Val AUC: 0.9170
Epoch [50/1000] | Train loss: 0.3520 | Val loss: 0.4005 | Val AUC: 0.9173
Epoch [51/1000] | Train loss: 0.3496 | Val loss: 0.3989 | Val AUC: 0.9176
Epoch [52/1000] | Train loss: 0.3474 | Val loss: 0.3974 | Val AUC: 0.9179
Epoch [53/1000] | Train loss: 0.3451 | Val loss: 0.3960 | Val AUC: 0.9182
Epoch [54/1000] | Train loss: 0.3430 | Val loss: 0.3946 | Val AUC: 0.9184
Epoch [55/1000] | Train loss: 0.3408 | Val loss: 0.3932 | Val AUC: 0.9187
Epoch [56/1000] | Train loss: 0.3388 | Val loss: 0.3919 | Val AUC: 0.9189
Epoch [57/1000] | Train loss: 0.3367 | Val loss: 0.3906 | Val AUC: 0.9191
Epoch [58/1000] | Train loss: 0.3347 | Val loss: 0.3893 | Val AUC: 0.9193
Epoch [59/1000] | Train loss: 0.3328 | Val loss: 0.3881 | Val AUC: 0.9195
Epoch [60/1000] | Train loss: 0.3309 | Val loss: 0.3869 | Val AUC: 0.9197
Epoch [61/1000] | Train loss: 0.3290 | Val loss: 0.3858 | Val AUC: 0.9199
Epoch [62/1000] | Train loss: 0.3272 | Val loss: 0.3847 | Val AUC: 0.9201
Epoch [63/1000] | Train loss: 0.3254 | Val loss: 0.3836 | Val AUC: 0.9203
Epoch [64/1000] | Train loss: 0.3236 | Val loss: 0.3825 | Val AUC: 0.9205
Epoch [65/1000] | Train loss: 0.3219 | Val loss: 0.3815 | Val AUC: 0.9207
Epoch [66/1000] | Train loss: 0.3202 | Val loss: 0.3805 | Val AUC: 0.9208
Epoch [67/1000] | Train loss: 0.3185 | Val loss: 0.3796 | Val AUC: 0.9210
Epoch [68/1000] | Train loss: 0.3169 | Val loss: 0.3786 | Val AUC: 0.9212
Epoch [69/1000] | Train loss: 0.3153 | Val loss: 0.3777 | Val AUC: 0.9214
Epoch [70/1000] | Train loss: 0.3138 | Val loss: 0.3769 | Val AUC: 0.9215
Epoch [71/1000] | Train loss: 0.3122 | Val loss: 0.3760 | Val AUC: 0.9217
Epoch [72/1000] | Train loss: 0.3107 | Val loss: 0.3752 | Val AUC: 0.9218
Epoch [73/1000] | Train loss: 0.3092 | Val loss: 0.3744 | Val AUC: 0.9220
Epoch [74/1000] | Train loss: 0.3078 | Val loss: 0.3736 | Val AUC: 0.9221
Epoch [75/1000] | Train loss: 0.3063 | Val loss: 0.3728 | Val AUC: 0.9222
Epoch [76/1000] | Train loss: 0.3049 | Val loss: 0.3721 | Val AUC: 0.9224
Epoch [77/1000] | Train loss: 0.3036 | Val loss: 0.3713 | Val AUC: 0.9225
Epoch [78/1000] | Train loss: 0.3022 | Val loss: 0.3706 | Val AUC: 0.9226
Epoch [79/1000] | Train loss: 0.3009 | Val loss: 0.3700 | Val AUC: 0.9227
Epoch [80/1000] | Train loss: 0.2996 | Val loss: 0.3693 | Val AUC: 0.9228
Epoch [81/1000] | Train loss: 0.2983 | Val loss: 0.3686 | Val AUC: 0.9230
Epoch [82/1000] | Train loss: 0.2970 | Val loss: 0.3680 | Val AUC: 0.9231
Epoch [83/1000] | Train loss: 0.2957 | Val loss: 0.3674 | Val AUC: 0.9232
Epoch [84/1000] | Train loss: 0.2945 | Val loss: 0.3668 | Val AUC: 0.9233
Epoch [85/1000] | Train loss: 0.2933 | Val loss: 0.3662 | Val AUC: 0.9234
Epoch [86/1000] | Train loss: 0.2921 | Val loss: 0.3657 | Val AUC: 0.9235
Epoch [87/1000] | Train loss: 0.2909 | Val loss: 0.3651 | Val AUC: 0.9236
Epoch [88/1000] | Train loss: 0.2898 | Val loss: 0.3646 | Val AUC: 0.9237
Epoch [89/1000] | Train loss: 0.2887 | Val loss: 0.3641 | Val AUC: 0.9238
Epoch [90/1000] | Train loss: 0.2875 | Val loss: 0.3636 | Val AUC: 0.9239
Epoch [91/1000] | Train loss: 0.2864 | Val loss: 0.3631 | Val AUC: 0.9240
Epoch [92/1000] | Train loss: 0.2853 | Val loss: 0.3626 | Val AUC: 0.9241
Epoch [93/1000] | Train loss: 0.2843 | Val loss: 0.3621 | Val AUC: 0.9241
Epoch [94/1000] | Train loss: 0.2832 | Val loss: 0.3617 | Val AUC: 0.9242
Epoch [95/1000] | Train loss: 0.2822 | Val loss: 0.3613 | Val AUC: 0.9243
Epoch [96/1000] | Train loss: 0.2811 | Val loss: 0.3608 | Val AUC: 0.9244
Epoch [97/1000] | Train loss: 0.2801 | Val loss: 0.3604 | Val AUC: 0.9245
Epoch [98/1000] | Train loss: 0.2791 | Val loss: 0.3600 | Val AUC: 0.9245
Epoch [99/1000] | Train loss: 0.2782 | Val loss: 0.3596 | Val AUC: 0.9246
Epoch [100/1000] | Train loss: 0.2772 | Val loss: 0.3592 | Val AUC: 0.9247
Epoch [101/1000] | Train loss: 0.2762 | Val loss: 0.3589 | Val AUC: 0.9247
Epoch [102/1000] | Train loss: 0.2753 | Val loss: 0.3585 | Val AUC: 0.9248
Epoch [103/1000] | Train loss: 0.2743 | Val loss: 0.3582 | Val AUC: 0.9249
Epoch [104/1000] | Train loss: 0.2734 | Val loss: 0.3578 | Val AUC: 0.9250
Epoch [105/1000] | Train loss: 0.2725 | Val loss: 0.3575 | Val AUC: 0.9250
Epoch [106/1000] | Train loss: 0.2716 | Val loss: 0.3572 | Val AUC: 0.9251
Epoch [107/1000] | Train loss: 0.2707 | Val loss: 0.3568 | Val AUC: 0.9251
Epoch [108/1000] | Train loss: 0.2698 | Val loss: 0.3565 | Val AUC: 0.9252
Epoch [109/1000] | Train loss: 0.2690 | Val loss: 0.3562 | Val AUC: 0.9252
Epoch [110/1000] | Train loss: 0.2681 | Val loss: 0.3560 | Val AUC: 0.9253
Epoch [111/1000] | Train loss: 0.2673 | Val loss: 0.3557 | Val AUC: 0.9253
Epoch [112/1000] | Train loss: 0.2664 | Val loss: 0.3554 | Val AUC: 0.9254
Epoch [113/1000] | Train loss: 0.2656 | Val loss: 0.3551 | Val AUC: 0.9254
Epoch [114/1000] | Train loss: 0.2648 | Val loss: 0.3549 | Val AUC: 0.9255
Epoch [115/1000] | Train loss: 0.2640 | Val loss: 0.3546 | Val AUC: 0.9255
Epoch [116/1000] | Train loss: 0.2632 | Val loss: 0.3544 | Val AUC: 0.9256
Epoch [117/1000] | Train loss: 0.2624 | Val loss: 0.3542 | Val AUC: 0.9256
Epoch [118/1000] | Train loss: 0.2616 | Val loss: 0.3539 | Val AUC: 0.9256
Epoch [119/1000] | Train loss: 0.2609 | Val loss: 0.3537 | Val AUC: 0.9257
Epoch [120/1000] | Train loss: 0.2601 | Val loss: 0.3535 | Val AUC: 0.9257
Epoch [121/1000] | Train loss: 0.2593 | Val loss: 0.3533 | Val AUC: 0.9257
Epoch [122/1000] | Train loss: 0.2586 | Val loss: 0.3531 | Val AUC: 0.9258
Epoch [123/1000] | Train loss: 0.2578 | Val loss: 0.3529 | Val AUC: 0.9258
Epoch [124/1000] | Train loss: 0.2571 | Val loss: 0.3527 | Val AUC: 0.9258
Epoch [125/1000] | Train loss: 0.2564 | Val loss: 0.3525 | Val AUC: 0.9259
Epoch [126/1000] | Train loss: 0.2557 | Val loss: 0.3523 | Val AUC: 0.9259
Epoch [127/1000] | Train loss: 0.2550 | Val loss: 0.3522 | Val AUC: 0.9259
Epoch [128/1000] | Train loss: 0.2543 | Val loss: 0.3520 | Val AUC: 0.9260
Epoch [129/1000] | Train loss: 0.2536 | Val loss: 0.3518 | Val AUC: 0.9260
Epoch [130/1000] | Train loss: 0.2529 | Val loss: 0.3517 | Val AUC: 0.9260
Epoch [131/1000] | Train loss: 0.2522 | Val loss: 0.3515 | Val AUC: 0.9260
Epoch [132/1000] | Train loss: 0.2515 | Val loss: 0.3514 | Val AUC: 0.9261
Epoch [133/1000] | Train loss: 0.2509 | Val loss: 0.3512 | Val AUC: 0.9261
Epoch [134/1000] | Train loss: 0.2502 | Val loss: 0.3511 | Val AUC: 0.9261
Epoch [135/1000] | Train loss: 0.2495 | Val loss: 0.3510 | Val AUC: 0.9262
Epoch [136/1000] | Train loss: 0.2489 | Val loss: 0.3508 | Val AUC: 0.9262
Epoch [137/1000] | Train loss: 0.2482 | Val loss: 0.3507 | Val AUC: 0.9262
Epoch [138/1000] | Train loss: 0.2476 | Val loss: 0.3506 | Val AUC: 0.9262
Epoch [139/1000] | Train loss: 0.2470 | Val loss: 0.3505 | Val AUC: 0.9263
Epoch [140/1000] | Train loss: 0.2464 | Val loss: 0.3504 | Val AUC: 0.9263
Epoch [141/1000] | Train loss: 0.2457 | Val loss: 0.3503 | Val AUC: 0.9263
Epoch [142/1000] | Train loss: 0.2451 | Val loss: 0.3501 | Val AUC: 0.9263
Epoch [143/1000] | Train loss: 0.2445 | Val loss: 0.3500 | Val AUC: 0.9263
Epoch [144/1000] | Train loss: 0.2439 | Val loss: 0.3500 | Val AUC: 0.9264
Epoch [145/1000] | Train loss: 0.2433 | Val loss: 0.3499 | Val AUC: 0.9264
Epoch [146/1000] | Train loss: 0.2427 | Val loss: 0.3498 | Val AUC: 0.9264
Epoch [147/1000] | Train loss: 0.2421 | Val loss: 0.3497 | Val AUC: 0.9264
Epoch [148/1000] | Train loss: 0.2415 | Val loss: 0.3496 | Val AUC: 0.9264
Epoch [149/1000] | Train loss: 0.2410 | Val loss: 0.3495 | Val AUC: 0.9264
Epoch [150/1000] | Train loss: 0.2404 | Val loss: 0.3495 | Val AUC: 0.9264
Epoch [151/1000] | Train loss: 0.2398 | Val loss: 0.3494 | Val AUC: 0.9265
Epoch [152/1000] | Train loss: 0.2393 | Val loss: 0.3493 | Val AUC: 0.9265
Epoch [153/1000] | Train loss: 0.2387 | Val loss: 0.3493 | Val AUC: 0.9265
Epoch [154/1000] | Train loss: 0.2381 | Val loss: 0.3492 | Val AUC: 0.9265
Epoch [155/1000] | Train loss: 0.2376 | Val loss: 0.3491 | Val AUC: 0.9265
Epoch [156/1000] | Train loss: 0.2370 | Val loss: 0.3491 | Val AUC: 0.9265
Epoch [157/1000] | Train loss: 0.2365 | Val loss: 0.3490 | Val AUC: 0.9265
Epoch [158/1000] | Train loss: 0.2360 | Val loss: 0.3490 | Val AUC: 0.9265
Epoch [159/1000] | Train loss: 0.2354 | Val loss: 0.3490 | Val AUC: 0.9266
Epoch [160/1000] | Train loss: 0.2349 | Val loss: 0.3489 | Val AUC: 0.9266
Epoch [161/1000] | Train loss: 0.2344 | Val loss: 0.3489 | Val AUC: 0.9266
Epoch [162/1000] | Train loss: 0.2339 | Val loss: 0.3488 | Val AUC: 0.9266
Epoch [163/1000] | Train loss: 0.2333 | Val loss: 0.3488 | Val AUC: 0.9266
Early stopping triggered. Model saved at epoch 153 with 0.9265 AUC.


Preparing transformer data...
Loading weights:   0%|          | 0/389 [00:00<?, ?it/s]Loading weights: 100%|██████████| 389/389 [00:00<00:00, 59636.11it/s]
[1mRobertaModel LOAD REPORT[0m from: roberta-large
Key                             | Status     | 
--------------------------------+------------+-
lm_head.dense.weight            | UNEXPECTED | 
lm_head.bias                    | UNEXPECTED | 
lm_head.dense.bias              | UNEXPECTED | 
lm_head.layer_norm.bias         | UNEXPECTED | 
roberta.embeddings.position_ids | UNEXPECTED | 
lm_head.layer_norm.weight       | UNEXPECTED | 
pooler.dense.weight             | MISSING    | 
pooler.dense.bias               | MISSING    | 

Notes:
- UNEXPECTED:	can be ignored when loading from different task/architecture; not ok if you expect identical arch.
- MISSING:	those params were newly initialized because missing from the checkpoint. Consider training on your downstream task.
Warning: You are sending unauthenticated requests to the HF Hub. Please set a HF_TOKEN to enable higher rate limits and faster downloads.
Training Transformer...
Epoch [1/1000] | Train loss: 0.7083 | Val loss: 0.6948 | Val AUC: 0.5162
Epoch [2/1000] | Train loss: 0.6805 | Val loss: 0.6780 | Val AUC: 0.5896
Epoch [3/1000] | Train loss: 0.6662 | Val loss: 0.6632 | Val AUC: 0.6545
Epoch [4/1000] | Train loss: 0.6537 | Val loss: 0.6499 | Val AUC: 0.7139
Epoch [5/1000] | Train loss: 0.6419 | Val loss: 0.6381 | Val AUC: 0.7709
Epoch [6/1000] | Train loss: 0.6311 | Val loss: 0.6281 | Val AUC: 0.7997
Epoch [7/1000] | Train loss: 0.6212 | Val loss: 0.6169 | Val AUC: 0.8350
Epoch [8/1000] | Train loss: 0.6115 | Val loss: 0.6075 | Val AUC: 0.8514
Epoch [9/1000] | Train loss: 0.6031 | Val loss: 0.5986 | Val AUC: 0.8626
Epoch [10/1000] | Train loss: 0.5941 | Val loss: 0.5899 | Val AUC: 0.8713
Epoch [11/1000] | Train loss: 0.5855 | Val loss: 0.5817 | Val AUC: 0.8776
Epoch [12/1000] | Train loss: 0.5779 | Val loss: 0.5737 | Val AUC: 0.8826
Epoch [13/1000] | Train loss: 0.5701 | Val loss: 0.5666 | Val AUC: 0.8884
Epoch [14/1000] | Train loss: 0.5625 | Val loss: 0.5588 | Val AUC: 0.8920
Epoch [15/1000] | Train loss: 0.5554 | Val loss: 0.5517 | Val AUC: 0.8954
Epoch [16/1000] | Train loss: 0.5484 | Val loss: 0.5450 | Val AUC: 0.8992
Epoch [17/1000] | Train loss: 0.5414 | Val loss: 0.5384 | Val AUC: 0.9016
Epoch [18/1000] | Train loss: 0.5350 | Val loss: 0.5321 | Val AUC: 0.9042
Epoch [19/1000] | Train loss: 0.5287 | Val loss: 0.5262 | Val AUC: 0.9070
Epoch [20/1000] | Train loss: 0.5228 | Val loss: 0.5202 | Val AUC: 0.9090
Epoch [21/1000] | Train loss: 0.5168 | Val loss: 0.5143 | Val AUC: 0.9101
Epoch [22/1000] | Train loss: 0.5113 | Val loss: 0.5088 | Val AUC: 0.9118
Epoch [23/1000] | Train loss: 0.5057 | Val loss: 0.5046 | Val AUC: 0.9146
Epoch [24/1000] | Train loss: 0.5011 | Val loss: 0.4983 | Val AUC: 0.9155
Epoch [25/1000] | Train loss: 0.4954 | Val loss: 0.4933 | Val AUC: 0.9169
Epoch [26/1000] | Train loss: 0.4904 | Val loss: 0.4884 | Val AUC: 0.9183
Epoch [27/1000] | Train loss: 0.4852 | Val loss: 0.4836 | Val AUC: 0.9196
Epoch [28/1000] | Train loss: 0.4803 | Val loss: 0.4791 | Val AUC: 0.9206
Epoch [29/1000] | Train loss: 0.4761 | Val loss: 0.4746 | Val AUC: 0.9221
Epoch [30/1000] | Train loss: 0.4707 | Val loss: 0.4703 | Val AUC: 0.9233
Epoch [31/1000] | Train loss: 0.4665 | Val loss: 0.4659 | Val AUC: 0.9242
Epoch [32/1000] | Train loss: 0.4628 | Val loss: 0.4616 | Val AUC: 0.9250
Epoch [33/1000] | Train loss: 0.4586 | Val loss: 0.4578 | Val AUC: 0.9258
Epoch [34/1000] | Train loss: 0.4543 | Val loss: 0.4538 | Val AUC: 0.9270
Epoch [35/1000] | Train loss: 0.4503 | Val loss: 0.4499 | Val AUC: 0.9279
Epoch [36/1000] | Train loss: 0.4474 | Val loss: 0.4463 | Val AUC: 0.9288
Epoch [37/1000] | Train loss: 0.4430 | Val loss: 0.4427 | Val AUC: 0.9296
Epoch [38/1000] | Train loss: 0.4390 | Val loss: 0.4392 | Val AUC: 0.9303
Epoch [39/1000] | Train loss: 0.4354 | Val loss: 0.4365 | Val AUC: 0.9311
Epoch [40/1000] | Train loss: 0.4315 | Val loss: 0.4324 | Val AUC: 0.9317
Epoch [41/1000] | Train loss: 0.4286 | Val loss: 0.4291 | Val AUC: 0.9324
Epoch [42/1000] | Train loss: 0.4251 | Val loss: 0.4260 | Val AUC: 0.9331
Epoch [43/1000] | Train loss: 0.4222 | Val loss: 0.4228 | Val AUC: 0.9338
Epoch [44/1000] | Train loss: 0.4192 | Val loss: 0.4199 | Val AUC: 0.9344
Epoch [45/1000] | Train loss: 0.4160 | Val loss: 0.4173 | Val AUC: 0.9350
Epoch [46/1000] | Train loss: 0.4128 | Val loss: 0.4142 | Val AUC: 0.9355
Epoch [47/1000] | Train loss: 0.4105 | Val loss: 0.4114 | Val AUC: 0.9360
Epoch [48/1000] | Train loss: 0.4071 | Val loss: 0.4087 | Val AUC: 0.9367
Epoch [49/1000] | Train loss: 0.4049 | Val loss: 0.4060 | Val AUC: 0.9372
Epoch [50/1000] | Train loss: 0.4021 | Val loss: 0.4034 | Val AUC: 0.9378
Epoch [51/1000] | Train loss: 0.3998 | Val loss: 0.4015 | Val AUC: 0.9382
Epoch [52/1000] | Train loss: 0.3966 | Val loss: 0.3987 | Val AUC: 0.9388
Epoch [53/1000] | Train loss: 0.3951 | Val loss: 0.3959 | Val AUC: 0.9392
Epoch [54/1000] | Train loss: 0.3921 | Val loss: 0.3935 | Val AUC: 0.9398
Epoch [55/1000] | Train loss: 0.3894 | Val loss: 0.3915 | Val AUC: 0.9402
Epoch [56/1000] | Train loss: 0.3870 | Val loss: 0.3896 | Val AUC: 0.9406
Epoch [57/1000] | Train loss: 0.3849 | Val loss: 0.3868 | Val AUC: 0.9411
Epoch [58/1000] | Train loss: 0.3826 | Val loss: 0.3851 | Val AUC: 0.9415
Epoch [59/1000] | Train loss: 0.3804 | Val loss: 0.3828 | Val AUC: 0.9419
Epoch [60/1000] | Train loss: 0.3781 | Val loss: 0.3805 | Val AUC: 0.9424
Epoch [61/1000] | Train loss: 0.3756 | Val loss: 0.3785 | Val AUC: 0.9428
Epoch [62/1000] | Train loss: 0.3738 | Val loss: 0.3777 | Val AUC: 0.9430
Epoch [63/1000] | Train loss: 0.3722 | Val loss: 0.3749 | Val AUC: 0.9434
Epoch [64/1000] | Train loss: 0.3698 | Val loss: 0.3728 | Val AUC: 0.9439
Epoch [65/1000] | Train loss: 0.3688 | Val loss: 0.3710 | Val AUC: 0.9442
Epoch [66/1000] | Train loss: 0.3663 | Val loss: 0.3692 | Val AUC: 0.9445
Epoch [67/1000] | Train loss: 0.3650 | Val loss: 0.3674 | Val AUC: 0.9449
Epoch [68/1000] | Train loss: 0.3637 | Val loss: 0.3658 | Val AUC: 0.9452
Epoch [69/1000] | Train loss: 0.3608 | Val loss: 0.3642 | Val AUC: 0.9455
Epoch [70/1000] | Train loss: 0.3597 | Val loss: 0.3624 | Val AUC: 0.9458
Epoch [71/1000] | Train loss: 0.3581 | Val loss: 0.3607 | Val AUC: 0.9462
Epoch [72/1000] | Train loss: 0.3562 | Val loss: 0.3593 | Val AUC: 0.9464
Epoch [73/1000] | Train loss: 0.3561 | Val loss: 0.3577 | Val AUC: 0.9467
Epoch [74/1000] | Train loss: 0.3527 | Val loss: 0.3560 | Val AUC: 0.9470
Epoch [75/1000] | Train loss: 0.3515 | Val loss: 0.3544 | Val AUC: 0.9473
Epoch [76/1000] | Train loss: 0.3499 | Val loss: 0.3529 | Val AUC: 0.9476
Epoch [77/1000] | Train loss: 0.3480 | Val loss: 0.3515 | Val AUC: 0.9479
Epoch [78/1000] | Train loss: 0.3480 | Val loss: 0.3501 | Val AUC: 0.9481
Epoch [79/1000] | Train loss: 0.3448 | Val loss: 0.3486 | Val AUC: 0.9484
Epoch [80/1000] | Train loss: 0.3435 | Val loss: 0.3473 | Val AUC: 0.9487
Epoch [81/1000] | Train loss: 0.3427 | Val loss: 0.3459 | Val AUC: 0.9489
Epoch [82/1000] | Train loss: 0.3405 | Val loss: 0.3448 | Val AUC: 0.9491
Epoch [83/1000] | Train loss: 0.3395 | Val loss: 0.3432 | Val AUC: 0.9494
Epoch [84/1000] | Train loss: 0.3387 | Val loss: 0.3422 | Val AUC: 0.9496
Epoch [85/1000] | Train loss: 0.3375 | Val loss: 0.3407 | Val AUC: 0.9499
Epoch [86/1000] | Train loss: 0.3368 | Val loss: 0.3395 | Val AUC: 0.9501
Epoch [87/1000] | Train loss: 0.3352 | Val loss: 0.3386 | Val AUC: 0.9502
Epoch [88/1000] | Train loss: 0.3340 | Val loss: 0.3372 | Val AUC: 0.9505
Epoch [89/1000] | Train loss: 0.3313 | Val loss: 0.3358 | Val AUC: 0.9508
Epoch [90/1000] | Train loss: 0.3311 | Val loss: 0.3351 | Val AUC: 0.9509
Epoch [91/1000] | Train loss: 0.3298 | Val loss: 0.3335 | Val AUC: 0.9512
Epoch [92/1000] | Train loss: 0.3292 | Val loss: 0.3324 | Val AUC: 0.9514
Epoch [93/1000] | Train loss: 0.3272 | Val loss: 0.3317 | Val AUC: 0.9516
Epoch [94/1000] | Train loss: 0.3268 | Val loss: 0.3302 | Val AUC: 0.9518
Epoch [95/1000] | Train loss: 0.3259 | Val loss: 0.3291 | Val AUC: 0.9520
Epoch [96/1000] | Train loss: 0.3252 | Val loss: 0.3281 | Val AUC: 0.9522
Epoch [97/1000] | Train loss: 0.3235 | Val loss: 0.3272 | Val AUC: 0.9523
Epoch [98/1000] | Train loss: 0.3213 | Val loss: 0.3261 | Val AUC: 0.9526
Epoch [99/1000] | Train loss: 0.3216 | Val loss: 0.3251 | Val AUC: 0.9527
Epoch [100/1000] | Train loss: 0.3193 | Val loss: 0.3241 | Val AUC: 0.9529
Epoch [101/1000] | Train loss: 0.3185 | Val loss: 0.3231 | Val AUC: 0.9531
Epoch [102/1000] | Train loss: 0.3182 | Val loss: 0.3222 | Val AUC: 0.9532
Epoch [103/1000] | Train loss: 0.3171 | Val loss: 0.3213 | Val AUC: 0.9534
Epoch [104/1000] | Train loss: 0.3155 | Val loss: 0.3203 | Val AUC: 0.9536
Epoch [105/1000] | Train loss: 0.3163 | Val loss: 0.3194 | Val AUC: 0.9537
Epoch [106/1000] | Train loss: 0.3138 | Val loss: 0.3186 | Val AUC: 0.9539
Epoch [107/1000] | Train loss: 0.3132 | Val loss: 0.3177 | Val AUC: 0.9540
Epoch [108/1000] | Train loss: 0.3132 | Val loss: 0.3168 | Val AUC: 0.9541
Epoch [109/1000] | Train loss: 0.3119 | Val loss: 0.3159 | Val AUC: 0.9544
Epoch [110/1000] | Train loss: 0.3101 | Val loss: 0.3151 | Val AUC: 0.9545
Epoch [111/1000] | Train loss: 0.3094 | Val loss: 0.3142 | Val AUC: 0.9546
Epoch [112/1000] | Train loss: 0.3101 | Val loss: 0.3136 | Val AUC: 0.9547
Epoch [113/1000] | Train loss: 0.3085 | Val loss: 0.3126 | Val AUC: 0.9550
Epoch [114/1000] | Train loss: 0.3071 | Val loss: 0.3117 | Val AUC: 0.9551
Epoch [115/1000] | Train loss: 0.3063 | Val loss: 0.3110 | Val AUC: 0.9552
Epoch [116/1000] | Train loss: 0.3056 | Val loss: 0.3104 | Val AUC: 0.9552
Epoch [117/1000] | Train loss: 0.3051 | Val loss: 0.3095 | Val AUC: 0.9554
Epoch [118/1000] | Train loss: 0.3037 | Val loss: 0.3087 | Val AUC: 0.9556
Epoch [119/1000] | Train loss: 0.3029 | Val loss: 0.3081 | Val AUC: 0.9557
Epoch [120/1000] | Train loss: 0.3025 | Val loss: 0.3072 | Val AUC: 0.9559
Epoch [121/1000] | Train loss: 0.3019 | Val loss: 0.3070 | Val AUC: 0.9559
Epoch [122/1000] | Train loss: 0.3016 | Val loss: 0.3057 | Val AUC: 0.9561
Epoch [123/1000] | Train loss: 0.3001 | Val loss: 0.3052 | Val AUC: 0.9562
Epoch [124/1000] | Train loss: 0.2993 | Val loss: 0.3046 | Val AUC: 0.9563
Epoch [125/1000] | Train loss: 0.2990 | Val loss: 0.3040 | Val AUC: 0.9563
Epoch [126/1000] | Train loss: 0.2984 | Val loss: 0.3030 | Val AUC: 0.9566
Epoch [127/1000] | Train loss: 0.2977 | Val loss: 0.3023 | Val AUC: 0.9567
Epoch [128/1000] | Train loss: 0.2968 | Val loss: 0.3018 | Val AUC: 0.9567
Epoch [129/1000] | Train loss: 0.2971 | Val loss: 0.3010 | Val AUC: 0.9569
Epoch [130/1000] | Train loss: 0.2945 | Val loss: 0.3006 | Val AUC: 0.9569
Epoch [131/1000] | Train loss: 0.2955 | Val loss: 0.2997 | Val AUC: 0.9571
Epoch [132/1000] | Train loss: 0.2939 | Val loss: 0.2992 | Val AUC: 0.9572
Epoch [133/1000] | Train loss: 0.2949 | Val loss: 0.2984 | Val AUC: 0.9573
Epoch [134/1000] | Train loss: 0.2936 | Val loss: 0.2979 | Val AUC: 0.9574
Epoch [135/1000] | Train loss: 0.2922 | Val loss: 0.2973 | Val AUC: 0.9576
Epoch [136/1000] | Train loss: 0.2907 | Val loss: 0.2967 | Val AUC: 0.9576
Epoch [137/1000] | Train loss: 0.2916 | Val loss: 0.2961 | Val AUC: 0.9577
Epoch [138/1000] | Train loss: 0.2902 | Val loss: 0.2956 | Val AUC: 0.9578
Epoch [139/1000] | Train loss: 0.2899 | Val loss: 0.2950 | Val AUC: 0.9579
Epoch [140/1000] | Train loss: 0.2889 | Val loss: 0.2945 | Val AUC: 0.9580
Epoch [141/1000] | Train loss: 0.2886 | Val loss: 0.2938 | Val AUC: 0.9581
Epoch [142/1000] | Train loss: 0.2883 | Val loss: 0.2934 | Val AUC: 0.9582
Epoch [143/1000] | Train loss: 0.2883 | Val loss: 0.2927 | Val AUC: 0.9583
Epoch [144/1000] | Train loss: 0.2872 | Val loss: 0.2925 | Val AUC: 0.9583
Epoch [145/1000] | Train loss: 0.2861 | Val loss: 0.2917 | Val AUC: 0.9585
Epoch [146/1000] | Train loss: 0.2857 | Val loss: 0.2912 | Val AUC: 0.9586
Epoch [147/1000] | Train loss: 0.2848 | Val loss: 0.2907 | Val AUC: 0.9586
Epoch [148/1000] | Train loss: 0.2855 | Val loss: 0.2903 | Val AUC: 0.9587
Epoch [149/1000] | Train loss: 0.2850 | Val loss: 0.2895 | Val AUC: 0.9589
Epoch [150/1000] | Train loss: 0.2831 | Val loss: 0.2895 | Val AUC: 0.9588
Epoch [151/1000] | Train loss: 0.2831 | Val loss: 0.2885 | Val AUC: 0.9590
Epoch [152/1000] | Train loss: 0.2823 | Val loss: 0.2880 | Val AUC: 0.9591
Epoch [153/1000] | Train loss: 0.2823 | Val loss: 0.2875 | Val AUC: 0.9592
Epoch [154/1000] | Train loss: 0.2809 | Val loss: 0.2871 | Val AUC: 0.9592
Epoch [155/1000] | Train loss: 0.2811 | Val loss: 0.2867 | Val AUC: 0.9594
Epoch [156/1000] | Train loss: 0.2806 | Val loss: 0.2860 | Val AUC: 0.9594
Epoch [157/1000] | Train loss: 0.2809 | Val loss: 0.2859 | Val AUC: 0.9595
Epoch [158/1000] | Train loss: 0.2804 | Val loss: 0.2851 | Val AUC: 0.9596
Epoch [159/1000] | Train loss: 0.2784 | Val loss: 0.2846 | Val AUC: 0.9597
Epoch [160/1000] | Train loss: 0.2798 | Val loss: 0.2842 | Val AUC: 0.9597
Epoch [161/1000] | Train loss: 0.2789 | Val loss: 0.2837 | Val AUC: 0.9598
Epoch [162/1000] | Train loss: 0.2773 | Val loss: 0.2837 | Val AUC: 0.9599
Epoch [163/1000] | Train loss: 0.2770 | Val loss: 0.2828 | Val AUC: 0.9600
Epoch [164/1000] | Train loss: 0.2768 | Val loss: 0.2823 | Val AUC: 0.9600
Epoch [165/1000] | Train loss: 0.2759 | Val loss: 0.2819 | Val AUC: 0.9601
Epoch [166/1000] | Train loss: 0.2758 | Val loss: 0.2815 | Val AUC: 0.9602
Epoch [167/1000] | Train loss: 0.2763 | Val loss: 0.2811 | Val AUC: 0.9602
Epoch [168/1000] | Train loss: 0.2747 | Val loss: 0.2807 | Val AUC: 0.9603
Epoch [169/1000] | Train loss: 0.2742 | Val loss: 0.2802 | Val AUC: 0.9604
Epoch [170/1000] | Train loss: 0.2743 | Val loss: 0.2798 | Val AUC: 0.9605
Epoch [171/1000] | Train loss: 0.2747 | Val loss: 0.2794 | Val AUC: 0.9605
Epoch [172/1000] | Train loss: 0.2730 | Val loss: 0.2791 | Val AUC: 0.9606
Epoch [173/1000] | Train loss: 0.2724 | Val loss: 0.2786 | Val AUC: 0.9606
Epoch [174/1000] | Train loss: 0.2735 | Val loss: 0.2782 | Val AUC: 0.9607
Epoch [175/1000] | Train loss: 0.2720 | Val loss: 0.2779 | Val AUC: 0.9608
Epoch [176/1000] | Train loss: 0.2708 | Val loss: 0.2775 | Val AUC: 0.9608
Epoch [177/1000] | Train loss: 0.2718 | Val loss: 0.2774 | Val AUC: 0.9608
Epoch [178/1000] | Train loss: 0.2701 | Val loss: 0.2767 | Val AUC: 0.9610
Epoch [179/1000] | Train loss: 0.2701 | Val loss: 0.2765 | Val AUC: 0.9610
Epoch [180/1000] | Train loss: 0.2699 | Val loss: 0.2760 | Val AUC: 0.9611
Epoch [181/1000] | Train loss: 0.2705 | Val loss: 0.2756 | Val AUC: 0.9612
Epoch [182/1000] | Train loss: 0.2698 | Val loss: 0.2752 | Val AUC: 0.9612
Epoch [183/1000] | Train loss: 0.2698 | Val loss: 0.2753 | Val AUC: 0.9613
Epoch [184/1000] | Train loss: 0.2685 | Val loss: 0.2747 | Val AUC: 0.9614
Epoch [185/1000] | Train loss: 0.2693 | Val loss: 0.2742 | Val AUC: 0.9614
Epoch [186/1000] | Train loss: 0.2678 | Val loss: 0.2740 | Val AUC: 0.9615
Epoch [187/1000] | Train loss: 0.2681 | Val loss: 0.2736 | Val AUC: 0.9615
Epoch [188/1000] | Train loss: 0.2676 | Val loss: 0.2732 | Val AUC: 0.9616
Epoch [189/1000] | Train loss: 0.2664 | Val loss: 0.2731 | Val AUC: 0.9617
Epoch [190/1000] | Train loss: 0.2658 | Val loss: 0.2725 | Val AUC: 0.9617
Epoch [191/1000] | Train loss: 0.2652 | Val loss: 0.2722 | Val AUC: 0.9617
Epoch [192/1000] | Train loss: 0.2664 | Val loss: 0.2718 | Val AUC: 0.9618
Epoch [193/1000] | Train loss: 0.2670 | Val loss: 0.2717 | Val AUC: 0.9619
Epoch [194/1000] | Train loss: 0.2649 | Val loss: 0.2712 | Val AUC: 0.9619
Epoch [195/1000] | Train loss: 0.2656 | Val loss: 0.2709 | Val AUC: 0.9620
Epoch [196/1000] | Train loss: 0.2650 | Val loss: 0.2706 | Val AUC: 0.9620
Epoch [197/1000] | Train loss: 0.2644 | Val loss: 0.2702 | Val AUC: 0.9621
Epoch [198/1000] | Train loss: 0.2631 | Val loss: 0.2700 | Val AUC: 0.9622
Epoch [199/1000] | Train loss: 0.2633 | Val loss: 0.2699 | Val AUC: 0.9621
Epoch [200/1000] | Train loss: 0.2639 | Val loss: 0.2695 | Val AUC: 0.9622
Epoch [201/1000] | Train loss: 0.2630 | Val loss: 0.2689 | Val AUC: 0.9623
Epoch [202/1000] | Train loss: 0.2622 | Val loss: 0.2687 | Val AUC: 0.9624
Epoch [203/1000] | Train loss: 0.2628 | Val loss: 0.2684 | Val AUC: 0.9624
Epoch [204/1000] | Train loss: 0.2626 | Val loss: 0.2681 | Val AUC: 0.9624
Epoch [205/1000] | Train loss: 0.2624 | Val loss: 0.2679 | Val AUC: 0.9625
Epoch [206/1000] | Train loss: 0.2614 | Val loss: 0.2676 | Val AUC: 0.9625
Epoch [207/1000] | Train loss: 0.2615 | Val loss: 0.2672 | Val AUC: 0.9626
Epoch [208/1000] | Train loss: 0.2608 | Val loss: 0.2670 | Val AUC: 0.9627
Epoch [209/1000] | Train loss: 0.2604 | Val loss: 0.2667 | Val AUC: 0.9627
Epoch [210/1000] | Train loss: 0.2610 | Val loss: 0.2664 | Val AUC: 0.9628
Epoch [211/1000] | Train loss: 0.2611 | Val loss: 0.2660 | Val AUC: 0.9628
Epoch [212/1000] | Train loss: 0.2601 | Val loss: 0.2659 | Val AUC: 0.9629
Epoch [213/1000] | Train loss: 0.2602 | Val loss: 0.2655 | Val AUC: 0.9629
Epoch [214/1000] | Train loss: 0.2586 | Val loss: 0.2655 | Val AUC: 0.9629
Epoch [215/1000] | Train loss: 0.2586 | Val loss: 0.2651 | Val AUC: 0.9630
Epoch [216/1000] | Train loss: 0.2585 | Val loss: 0.2652 | Val AUC: 0.9629
Epoch [217/1000] | Train loss: 0.2591 | Val loss: 0.2644 | Val AUC: 0.9631
Epoch [218/1000] | Train loss: 0.2576 | Val loss: 0.2642 | Val AUC: 0.9631
Epoch [219/1000] | Train loss: 0.2578 | Val loss: 0.2640 | Val AUC: 0.9631
Epoch [220/1000] | Train loss: 0.2572 | Val loss: 0.2641 | Val AUC: 0.9631
Epoch [221/1000] | Train loss: 0.2569 | Val loss: 0.2635 | Val AUC: 0.9632
Epoch [222/1000] | Train loss: 0.2572 | Val loss: 0.2632 | Val AUC: 0.9633
Epoch [223/1000] | Train loss: 0.2580 | Val loss: 0.2630 | Val AUC: 0.9633
Epoch [224/1000] | Train loss: 0.2561 | Val loss: 0.2626 | Val AUC: 0.9634
Epoch [225/1000] | Train loss: 0.2566 | Val loss: 0.2625 | Val AUC: 0.9634
Epoch [226/1000] | Train loss: 0.2555 | Val loss: 0.2625 | Val AUC: 0.9634
Epoch [227/1000] | Train loss: 0.2560 | Val loss: 0.2621 | Val AUC: 0.9634
Epoch [228/1000] | Train loss: 0.2562 | Val loss: 0.2618 | Val AUC: 0.9635
Epoch [229/1000] | Train loss: 0.2552 | Val loss: 0.2614 | Val AUC: 0.9636
Epoch [230/1000] | Train loss: 0.2539 | Val loss: 0.2612 | Val AUC: 0.9636
Epoch [231/1000] | Train loss: 0.2543 | Val loss: 0.2609 | Val AUC: 0.9637
Epoch [232/1000] | Train loss: 0.2545 | Val loss: 0.2611 | Val AUC: 0.9636
Epoch [233/1000] | Train loss: 0.2555 | Val loss: 0.2605 | Val AUC: 0.9637
Epoch [234/1000] | Train loss: 0.2557 | Val loss: 0.2602 | Val AUC: 0.9638
Epoch [235/1000] | Train loss: 0.2537 | Val loss: 0.2600 | Val AUC: 0.9638
Epoch [236/1000] | Train loss: 0.2533 | Val loss: 0.2597 | Val AUC: 0.9638
Epoch [237/1000] | Train loss: 0.2533 | Val loss: 0.2595 | Val AUC: 0.9639
Epoch [238/1000] | Train loss: 0.2524 | Val loss: 0.2593 | Val AUC: 0.9639
Epoch [239/1000] | Train loss: 0.2530 | Val loss: 0.2592 | Val AUC: 0.9640
Epoch [240/1000] | Train loss: 0.2518 | Val loss: 0.2589 | Val AUC: 0.9640
Epoch [241/1000] | Train loss: 0.2522 | Val loss: 0.2587 | Val AUC: 0.9641
Epoch [242/1000] | Train loss: 0.2522 | Val loss: 0.2584 | Val AUC: 0.9641
Epoch [243/1000] | Train loss: 0.2511 | Val loss: 0.2582 | Val AUC: 0.9641
Epoch [244/1000] | Train loss: 0.2506 | Val loss: 0.2581 | Val AUC: 0.9642
Epoch [245/1000] | Train loss: 0.2510 | Val loss: 0.2577 | Val AUC: 0.9642
Epoch [246/1000] | Train loss: 0.2509 | Val loss: 0.2575 | Val AUC: 0.9643
Epoch [247/1000] | Train loss: 0.2513 | Val loss: 0.2573 | Val AUC: 0.9643
Epoch [248/1000] | Train loss: 0.2507 | Val loss: 0.2578 | Val AUC: 0.9642
Epoch [249/1000] | Train loss: 0.2501 | Val loss: 0.2569 | Val AUC: 0.9644
Epoch [250/1000] | Train loss: 0.2496 | Val loss: 0.2567 | Val AUC: 0.9644
Epoch [251/1000] | Train loss: 0.2504 | Val loss: 0.2566 | Val AUC: 0.9645
Epoch [252/1000] | Train loss: 0.2489 | Val loss: 0.2562 | Val AUC: 0.9645
Epoch [253/1000] | Train loss: 0.2488 | Val loss: 0.2560 | Val AUC: 0.9645
Epoch [254/1000] | Train loss: 0.2495 | Val loss: 0.2558 | Val AUC: 0.9646
Epoch [255/1000] | Train loss: 0.2487 | Val loss: 0.2557 | Val AUC: 0.9646
Epoch [256/1000] | Train loss: 0.2478 | Val loss: 0.2554 | Val AUC: 0.9647
Epoch [257/1000] | Train loss: 0.2481 | Val loss: 0.2552 | Val AUC: 0.9647
Epoch [258/1000] | Train loss: 0.2473 | Val loss: 0.2551 | Val AUC: 0.9647
Epoch [259/1000] | Train loss: 0.2475 | Val loss: 0.2548 | Val AUC: 0.9647
Epoch [260/1000] | Train loss: 0.2479 | Val loss: 0.2548 | Val AUC: 0.9647
Epoch [261/1000] | Train loss: 0.2475 | Val loss: 0.2545 | Val AUC: 0.9648
Epoch [262/1000] | Train loss: 0.2475 | Val loss: 0.2542 | Val AUC: 0.9649
Epoch [263/1000] | Train loss: 0.2470 | Val loss: 0.2548 | Val AUC: 0.9648
Epoch [264/1000] | Train loss: 0.2472 | Val loss: 0.2543 | Val AUC: 0.9648
Epoch [265/1000] | Train loss: 0.2464 | Val loss: 0.2537 | Val AUC: 0.9649
Epoch [266/1000] | Train loss: 0.2458 | Val loss: 0.2534 | Val AUC: 0.9650
Epoch [267/1000] | Train loss: 0.2462 | Val loss: 0.2533 | Val AUC: 0.9651
Epoch [268/1000] | Train loss: 0.2465 | Val loss: 0.2534 | Val AUC: 0.9650
Epoch [269/1000] | Train loss: 0.2465 | Val loss: 0.2532 | Val AUC: 0.9650
Epoch [270/1000] | Train loss: 0.2467 | Val loss: 0.2529 | Val AUC: 0.9650
Epoch [271/1000] | Train loss: 0.2447 | Val loss: 0.2525 | Val AUC: 0.9652
Epoch [272/1000] | Train loss: 0.2452 | Val loss: 0.2525 | Val AUC: 0.9652
Epoch [273/1000] | Train loss: 0.2453 | Val loss: 0.2523 | Val AUC: 0.9652
Epoch [274/1000] | Train loss: 0.2449 | Val loss: 0.2520 | Val AUC: 0.9652
Epoch [275/1000] | Train loss: 0.2467 | Val loss: 0.2518 | Val AUC: 0.9652
Epoch [276/1000] | Train loss: 0.2437 | Val loss: 0.2516 | Val AUC: 0.9653
Epoch [277/1000] | Train loss: 0.2438 | Val loss: 0.2514 | Val AUC: 0.9653
Epoch [278/1000] | Train loss: 0.2433 | Val loss: 0.2513 | Val AUC: 0.9654
Epoch [279/1000] | Train loss: 0.2430 | Val loss: 0.2512 | Val AUC: 0.9655
Epoch [280/1000] | Train loss: 0.2435 | Val loss: 0.2510 | Val AUC: 0.9655
Epoch [281/1000] | Train loss: 0.2453 | Val loss: 0.2508 | Val AUC: 0.9655
Epoch [282/1000] | Train loss: 0.2431 | Val loss: 0.2505 | Val AUC: 0.9655
Epoch [283/1000] | Train loss: 0.2428 | Val loss: 0.2503 | Val AUC: 0.9656
Epoch [284/1000] | Train loss: 0.2429 | Val loss: 0.2503 | Val AUC: 0.9655
Epoch [285/1000] | Train loss: 0.2423 | Val loss: 0.2501 | Val AUC: 0.9656
Epoch [286/1000] | Train loss: 0.2419 | Val loss: 0.2498 | Val AUC: 0.9656
Epoch [287/1000] | Train loss: 0.2427 | Val loss: 0.2500 | Val AUC: 0.9656
Epoch [288/1000] | Train loss: 0.2427 | Val loss: 0.2497 | Val AUC: 0.9657
Epoch [289/1000] | Train loss: 0.2430 | Val loss: 0.2494 | Val AUC: 0.9657
Epoch [290/1000] | Train loss: 0.2425 | Val loss: 0.2493 | Val AUC: 0.9658
Epoch [291/1000] | Train loss: 0.2415 | Val loss: 0.2490 | Val AUC: 0.9658
Epoch [292/1000] | Train loss: 0.2412 | Val loss: 0.2489 | Val AUC: 0.9658
Epoch [293/1000] | Train loss: 0.2419 | Val loss: 0.2488 | Val AUC: 0.9658
Epoch [294/1000] | Train loss: 0.2411 | Val loss: 0.2486 | Val AUC: 0.9659
Epoch [295/1000] | Train loss: 0.2405 | Val loss: 0.2484 | Val AUC: 0.9659
Epoch [296/1000] | Train loss: 0.2405 | Val loss: 0.2484 | Val AUC: 0.9659
Epoch [297/1000] | Train loss: 0.2408 | Val loss: 0.2483 | Val AUC: 0.9659
Epoch [298/1000] | Train loss: 0.2404 | Val loss: 0.2480 | Val AUC: 0.9660
Epoch [299/1000] | Train loss: 0.2400 | Val loss: 0.2478 | Val AUC: 0.9660
Epoch [300/1000] | Train loss: 0.2405 | Val loss: 0.2477 | Val AUC: 0.9660
Epoch [301/1000] | Train loss: 0.2397 | Val loss: 0.2475 | Val AUC: 0.9661
Epoch [302/1000] | Train loss: 0.2399 | Val loss: 0.2473 | Val AUC: 0.9661
Epoch [303/1000] | Train loss: 0.2407 | Val loss: 0.2475 | Val AUC: 0.9662
Epoch [304/1000] | Train loss: 0.2394 | Val loss: 0.2471 | Val AUC: 0.9661
Epoch [305/1000] | Train loss: 0.2396 | Val loss: 0.2471 | Val AUC: 0.9661
Epoch [306/1000] | Train loss: 0.2387 | Val loss: 0.2470 | Val AUC: 0.9662
Epoch [307/1000] | Train loss: 0.2387 | Val loss: 0.2467 | Val AUC: 0.9662
Epoch [308/1000] | Train loss: 0.2386 | Val loss: 0.2468 | Val AUC: 0.9663
Epoch [309/1000] | Train loss: 0.2392 | Val loss: 0.2464 | Val AUC: 0.9662
Epoch [310/1000] | Train loss: 0.2382 | Val loss: 0.2462 | Val AUC: 0.9663
Epoch [311/1000] | Train loss: 0.2378 | Val loss: 0.2462 | Val AUC: 0.9663
Epoch [312/1000] | Train loss: 0.2383 | Val loss: 0.2459 | Val AUC: 0.9664
Epoch [313/1000] | Train loss: 0.2379 | Val loss: 0.2467 | Val AUC: 0.9662
Epoch [314/1000] | Train loss: 0.2388 | Val loss: 0.2458 | Val AUC: 0.9664
Epoch [315/1000] | Train loss: 0.2380 | Val loss: 0.2456 | Val AUC: 0.9664
Epoch [316/1000] | Train loss: 0.2376 | Val loss: 0.2454 | Val AUC: 0.9664
Epoch [317/1000] | Train loss: 0.2376 | Val loss: 0.2451 | Val AUC: 0.9665
Epoch [318/1000] | Train loss: 0.2380 | Val loss: 0.2451 | Val AUC: 0.9665
Epoch [319/1000] | Train loss: 0.2372 | Val loss: 0.2448 | Val AUC: 0.9665
Epoch [320/1000] | Train loss: 0.2359 | Val loss: 0.2447 | Val AUC: 0.9666
Epoch [321/1000] | Train loss: 0.2376 | Val loss: 0.2447 | Val AUC: 0.9666
Epoch [322/1000] | Train loss: 0.2372 | Val loss: 0.2445 | Val AUC: 0.9666
Epoch [323/1000] | Train loss: 0.2365 | Val loss: 0.2444 | Val AUC: 0.9666
Epoch [324/1000] | Train loss: 0.2374 | Val loss: 0.2442 | Val AUC: 0.9666
Epoch [325/1000] | Train loss: 0.2373 | Val loss: 0.2440 | Val AUC: 0.9667
Epoch [326/1000] | Train loss: 0.2360 | Val loss: 0.2440 | Val AUC: 0.9667
Epoch [327/1000] | Train loss: 0.2358 | Val loss: 0.2438 | Val AUC: 0.9667
Epoch [328/1000] | Train loss: 0.2355 | Val loss: 0.2437 | Val AUC: 0.9668
Epoch [329/1000] | Train loss: 0.2364 | Val loss: 0.2435 | Val AUC: 0.9668
Epoch [330/1000] | Train loss: 0.2357 | Val loss: 0.2436 | Val AUC: 0.9668
Epoch [331/1000] | Train loss: 0.2348 | Val loss: 0.2433 | Val AUC: 0.9668
Epoch [332/1000] | Train loss: 0.2353 | Val loss: 0.2432 | Val AUC: 0.9668
Epoch [333/1000] | Train loss: 0.2345 | Val loss: 0.2430 | Val AUC: 0.9669
Epoch [334/1000] | Train loss: 0.2350 | Val loss: 0.2429 | Val AUC: 0.9669
Epoch [335/1000] | Train loss: 0.2356 | Val loss: 0.2429 | Val AUC: 0.9669
Epoch [336/1000] | Train loss: 0.2355 | Val loss: 0.2427 | Val AUC: 0.9669
Epoch [337/1000] | Train loss: 0.2344 | Val loss: 0.2425 | Val AUC: 0.9669
Epoch [338/1000] | Train loss: 0.2351 | Val loss: 0.2427 | Val AUC: 0.9670
Epoch [339/1000] | Train loss: 0.2353 | Val loss: 0.2423 | Val AUC: 0.9670
Epoch [340/1000] | Train loss: 0.2348 | Val loss: 0.2421 | Val AUC: 0.9670
Epoch [341/1000] | Train loss: 0.2337 | Val loss: 0.2421 | Val AUC: 0.9670
Epoch [342/1000] | Train loss: 0.2348 | Val loss: 0.2422 | Val AUC: 0.9670
Epoch [343/1000] | Train loss: 0.2336 | Val loss: 0.2418 | Val AUC: 0.9671
Epoch [344/1000] | Train loss: 0.2340 | Val loss: 0.2418 | Val AUC: 0.9671
Epoch [345/1000] | Train loss: 0.2328 | Val loss: 0.2417 | Val AUC: 0.9671
Epoch [346/1000] | Train loss: 0.2327 | Val loss: 0.2416 | Val AUC: 0.9671
Epoch [347/1000] | Train loss: 0.2346 | Val loss: 0.2414 | Val AUC: 0.9671
Epoch [348/1000] | Train loss: 0.2352 | Val loss: 0.2413 | Val AUC: 0.9672
Epoch [349/1000] | Train loss: 0.2329 | Val loss: 0.2412 | Val AUC: 0.9672
Epoch [350/1000] | Train loss: 0.2329 | Val loss: 0.2410 | Val AUC: 0.9672
Epoch [351/1000] | Train loss: 0.2331 | Val loss: 0.2409 | Val AUC: 0.9672
Epoch [352/1000] | Train loss: 0.2322 | Val loss: 0.2410 | Val AUC: 0.9673
Epoch [353/1000] | Train loss: 0.2320 | Val loss: 0.2408 | Val AUC: 0.9672
Epoch [354/1000] | Train loss: 0.2322 | Val loss: 0.2405 | Val AUC: 0.9673
Epoch [355/1000] | Train loss: 0.2320 | Val loss: 0.2405 | Val AUC: 0.9673
Epoch [356/1000] | Train loss: 0.2315 | Val loss: 0.2406 | Val AUC: 0.9673
Epoch [357/1000] | Train loss: 0.2314 | Val loss: 0.2402 | Val AUC: 0.9674
Epoch [358/1000] | Train loss: 0.2329 | Val loss: 0.2403 | Val AUC: 0.9673
Epoch [359/1000] | Train loss: 0.2323 | Val loss: 0.2400 | Val AUC: 0.9674
Epoch [360/1000] | Train loss: 0.2306 | Val loss: 0.2399 | Val AUC: 0.9674
Epoch [361/1000] | Train loss: 0.2313 | Val loss: 0.2398 | Val AUC: 0.9674
Epoch [362/1000] | Train loss: 0.2305 | Val loss: 0.2396 | Val AUC: 0.9675
Epoch [363/1000] | Train loss: 0.2319 | Val loss: 0.2395 | Val AUC: 0.9675
Epoch [364/1000] | Train loss: 0.2309 | Val loss: 0.2394 | Val AUC: 0.9675
Epoch [365/1000] | Train loss: 0.2306 | Val loss: 0.2394 | Val AUC: 0.9675
Epoch [366/1000] | Train loss: 0.2312 | Val loss: 0.2392 | Val AUC: 0.9675
Epoch [367/1000] | Train loss: 0.2314 | Val loss: 0.2391 | Val AUC: 0.9675
Epoch [368/1000] | Train loss: 0.2310 | Val loss: 0.2390 | Val AUC: 0.9676
Epoch [369/1000] | Train loss: 0.2313 | Val loss: 0.2389 | Val AUC: 0.9676
Epoch [370/1000] | Train loss: 0.2301 | Val loss: 0.2391 | Val AUC: 0.9676
Epoch [371/1000] | Train loss: 0.2298 | Val loss: 0.2387 | Val AUC: 0.9676
Epoch [372/1000] | Train loss: 0.2301 | Val loss: 0.2386 | Val AUC: 0.9676
Epoch [373/1000] | Train loss: 0.2297 | Val loss: 0.2385 | Val AUC: 0.9677
Epoch [374/1000] | Train loss: 0.2296 | Val loss: 0.2383 | Val AUC: 0.9677
Epoch [375/1000] | Train loss: 0.2289 | Val loss: 0.2382 | Val AUC: 0.9677
Epoch [376/1000] | Train loss: 0.2308 | Val loss: 0.2382 | Val AUC: 0.9677
Epoch [377/1000] | Train loss: 0.2295 | Val loss: 0.2380 | Val AUC: 0.9677
Epoch [378/1000] | Train loss: 0.2300 | Val loss: 0.2380 | Val AUC: 0.9678
Epoch [379/1000] | Train loss: 0.2296 | Val loss: 0.2378 | Val AUC: 0.9678
Epoch [380/1000] | Train loss: 0.2294 | Val loss: 0.2382 | Val AUC: 0.9677
Epoch [381/1000] | Train loss: 0.2308 | Val loss: 0.2377 | Val AUC: 0.9678
Epoch [382/1000] | Train loss: 0.2284 | Val loss: 0.2375 | Val AUC: 0.9678
Epoch [383/1000] | Train loss: 0.2278 | Val loss: 0.2375 | Val AUC: 0.9678
Epoch [384/1000] | Train loss: 0.2280 | Val loss: 0.2376 | Val AUC: 0.9679
Epoch [385/1000] | Train loss: 0.2284 | Val loss: 0.2374 | Val AUC: 0.9678
Epoch [386/1000] | Train loss: 0.2286 | Val loss: 0.2371 | Val AUC: 0.9679
Epoch [387/1000] | Train loss: 0.2291 | Val loss: 0.2372 | Val AUC: 0.9678
Epoch [388/1000] | Train loss: 0.2281 | Val loss: 0.2370 | Val AUC: 0.9680
Epoch [389/1000] | Train loss: 0.2275 | Val loss: 0.2369 | Val AUC: 0.9679
Epoch [390/1000] | Train loss: 0.2274 | Val loss: 0.2367 | Val AUC: 0.9680
Epoch [391/1000] | Train loss: 0.2284 | Val loss: 0.2366 | Val AUC: 0.9680
Epoch [392/1000] | Train loss: 0.2277 | Val loss: 0.2365 | Val AUC: 0.9680
Epoch [393/1000] | Train loss: 0.2273 | Val loss: 0.2365 | Val AUC: 0.9680
Epoch [394/1000] | Train loss: 0.2277 | Val loss: 0.2367 | Val AUC: 0.9679
Epoch [395/1000] | Train loss: 0.2273 | Val loss: 0.2362 | Val AUC: 0.9681
Epoch [396/1000] | Train loss: 0.2274 | Val loss: 0.2366 | Val AUC: 0.9681
Epoch [397/1000] | Train loss: 0.2275 | Val loss: 0.2362 | Val AUC: 0.9681
Epoch [398/1000] | Train loss: 0.2286 | Val loss: 0.2360 | Val AUC: 0.9681
Epoch [399/1000] | Train loss: 0.2263 | Val loss: 0.2359 | Val AUC: 0.9681
Epoch [400/1000] | Train loss: 0.2261 | Val loss: 0.2358 | Val AUC: 0.9682
Epoch [401/1000] | Train loss: 0.2272 | Val loss: 0.2358 | Val AUC: 0.9681
Epoch [402/1000] | Train loss: 0.2269 | Val loss: 0.2358 | Val AUC: 0.9681
Epoch [403/1000] | Train loss: 0.2267 | Val loss: 0.2358 | Val AUC: 0.9681
Epoch [404/1000] | Train loss: 0.2268 | Val loss: 0.2354 | Val AUC: 0.9682
Epoch [405/1000] | Train loss: 0.2274 | Val loss: 0.2358 | Val AUC: 0.9681
Epoch [406/1000] | Train loss: 0.2259 | Val loss: 0.2354 | Val AUC: 0.9682
Epoch [407/1000] | Train loss: 0.2261 | Val loss: 0.2352 | Val AUC: 0.9682
Epoch [408/1000] | Train loss: 0.2271 | Val loss: 0.2351 | Val AUC: 0.9682
Epoch [409/1000] | Train loss: 0.2260 | Val loss: 0.2351 | Val AUC: 0.9682
Epoch [410/1000] | Train loss: 0.2262 | Val loss: 0.2349 | Val AUC: 0.9683
Epoch [411/1000] | Train loss: 0.2278 | Val loss: 0.2348 | Val AUC: 0.9683
Epoch [412/1000] | Train loss: 0.2266 | Val loss: 0.2347 | Val AUC: 0.9683
Epoch [413/1000] | Train loss: 0.2251 | Val loss: 0.2348 | Val AUC: 0.9684
Epoch [414/1000] | Train loss: 0.2261 | Val loss: 0.2345 | Val AUC: 0.9683
Epoch [415/1000] | Train loss: 0.2261 | Val loss: 0.2351 | Val AUC: 0.9684
Epoch [416/1000] | Train loss: 0.2257 | Val loss: 0.2344 | Val AUC: 0.9684
Epoch [417/1000] | Train loss: 0.2250 | Val loss: 0.2344 | Val AUC: 0.9684
Epoch [418/1000] | Train loss: 0.2270 | Val loss: 0.2344 | Val AUC: 0.9683
Epoch [419/1000] | Train loss: 0.2241 | Val loss: 0.2341 | Val AUC: 0.9684
Epoch [420/1000] | Train loss: 0.2250 | Val loss: 0.2340 | Val AUC: 0.9684
Epoch [421/1000] | Train loss: 0.2245 | Val loss: 0.2339 | Val AUC: 0.9685
Epoch [422/1000] | Train loss: 0.2250 | Val loss: 0.2339 | Val AUC: 0.9684
Epoch [423/1000] | Train loss: 0.2259 | Val loss: 0.2337 | Val AUC: 0.9685
Epoch [424/1000] | Train loss: 0.2247 | Val loss: 0.2339 | Val AUC: 0.9684
Epoch [425/1000] | Train loss: 0.2247 | Val loss: 0.2338 | Val AUC: 0.9685
Epoch [426/1000] | Train loss: 0.2244 | Val loss: 0.2335 | Val AUC: 0.9685
Epoch [427/1000] | Train loss: 0.2256 | Val loss: 0.2334 | Val AUC: 0.9685
Epoch [428/1000] | Train loss: 0.2234 | Val loss: 0.2334 | Val AUC: 0.9686
Epoch [429/1000] | Train loss: 0.2242 | Val loss: 0.2333 | Val AUC: 0.9686
Epoch [430/1000] | Train loss: 0.2234 | Val loss: 0.2333 | Val AUC: 0.9685
Epoch [431/1000] | Train loss: 0.2241 | Val loss: 0.2331 | Val AUC: 0.9686
Epoch [432/1000] | Train loss: 0.2246 | Val loss: 0.2332 | Val AUC: 0.9686
Epoch [433/1000] | Train loss: 0.2242 | Val loss: 0.2330 | Val AUC: 0.9686
Epoch [434/1000] | Train loss: 0.2234 | Val loss: 0.2329 | Val AUC: 0.9686
Epoch [435/1000] | Train loss: 0.2228 | Val loss: 0.2328 | Val AUC: 0.9686
Epoch [436/1000] | Train loss: 0.2234 | Val loss: 0.2328 | Val AUC: 0.9686
Epoch [437/1000] | Train loss: 0.2242 | Val loss: 0.2331 | Val AUC: 0.9687
Epoch [438/1000] | Train loss: 0.2234 | Val loss: 0.2329 | Val AUC: 0.9686
Epoch [439/1000] | Train loss: 0.2229 | Val loss: 0.2325 | Val AUC: 0.9687
Epoch [440/1000] | Train loss: 0.2239 | Val loss: 0.2324 | Val AUC: 0.9687
Epoch [441/1000] | Train loss: 0.2233 | Val loss: 0.2324 | Val AUC: 0.9687
Epoch [442/1000] | Train loss: 0.2229 | Val loss: 0.2323 | Val AUC: 0.9687
Epoch [443/1000] | Train loss: 0.2247 | Val loss: 0.2322 | Val AUC: 0.9687
Epoch [444/1000] | Train loss: 0.2230 | Val loss: 0.2321 | Val AUC: 0.9687
Epoch [445/1000] | Train loss: 0.2237 | Val loss: 0.2322 | Val AUC: 0.9687
Epoch [446/1000] | Train loss: 0.2228 | Val loss: 0.2321 | Val AUC: 0.9688
Epoch [447/1000] | Train loss: 0.2233 | Val loss: 0.2318 | Val AUC: 0.9688
Epoch [448/1000] | Train loss: 0.2224 | Val loss: 0.2319 | Val AUC: 0.9688
Epoch [449/1000] | Train loss: 0.2220 | Val loss: 0.2317 | Val AUC: 0.9688
Epoch [450/1000] | Train loss: 0.2224 | Val loss: 0.2316 | Val AUC: 0.9689
Epoch [451/1000] | Train loss: 0.2223 | Val loss: 0.2316 | Val AUC: 0.9689
Epoch [452/1000] | Train loss: 0.2241 | Val loss: 0.2315 | Val AUC: 0.9689
Epoch [453/1000] | Train loss: 0.2227 | Val loss: 0.2315 | Val AUC: 0.9689
Epoch [454/1000] | Train loss: 0.2216 | Val loss: 0.2314 | Val AUC: 0.9689
Epoch [455/1000] | Train loss: 0.2215 | Val loss: 0.2313 | Val AUC: 0.9689
Epoch [456/1000] | Train loss: 0.2213 | Val loss: 0.2313 | Val AUC: 0.9689
Early stopping triggered. Model saved at epoch 446 with 0.9688 AUC.

Preparing to bootstrap...
Boostrapping (0)
Boostrapping (1)
Boostrapping (2)
Boostrapping (3)
Boostrapping (4)
Boostrapping (5)
Boostrapping (6)
Boostrapping (7)
Boostrapping (8)
Boostrapping (9)
Boostrapping (10)
Boostrapping (11)
Boostrapping (12)
Boostrapping (13)
Boostrapping (14)
Boostrapping (15)
Boostrapping (16)
Boostrapping (17)
Boostrapping (18)
Boostrapping (19)
Boostrapping (20)
Boostrapping (21)
Boostrapping (22)
Boostrapping (23)
Boostrapping (24)
Boostrapping (25)
Boostrapping (26)
Boostrapping (27)
Boostrapping (28)
Boostrapping (29)
Boostrapping (30)
Boostrapping (31)
Boostrapping (32)
Boostrapping (33)
Boostrapping (34)
Boostrapping (35)
Boostrapping (36)
Boostrapping (37)
Boostrapping (38)
Boostrapping (39)
Boostrapping (40)
Boostrapping (41)
Boostrapping (42)
Boostrapping (43)
Boostrapping (44)
Boostrapping (45)
Boostrapping (46)
Boostrapping (47)
Boostrapping (48)
Boostrapping (49)
Boostrapping (50)
Boostrapping (51)
Boostrapping (52)
Boostrapping (53)
Boostrapping (54)
Boostrapping (55)
Boostrapping (56)
Boostrapping (57)
Boostrapping (58)
Boostrapping (59)
Boostrapping (60)
Boostrapping (61)
Boostrapping (62)
Boostrapping (63)
Boostrapping (64)
Boostrapping (65)
Boostrapping (66)
Boostrapping (67)
Boostrapping (68)
Boostrapping (69)
Boostrapping (70)
Boostrapping (71)
Boostrapping (72)
Boostrapping (73)
Boostrapping (74)
Boostrapping (75)
Boostrapping (76)
Boostrapping (77)
Boostrapping (78)
Boostrapping (79)
Boostrapping (80)
Boostrapping (81)
Boostrapping (82)
Boostrapping (83)
Boostrapping (84)
Boostrapping (85)
Boostrapping (86)
Boostrapping (87)
Boostrapping (88)
Boostrapping (89)
Boostrapping (90)
Boostrapping (91)
Boostrapping (92)
Boostrapping (93)
Boostrapping (94)
Boostrapping (95)
Boostrapping (96)
Boostrapping (97)
Boostrapping (98)
Boostrapping (99)
Boostrapping (100)
Boostrapping (101)
Boostrapping (102)
Boostrapping (103)
Boostrapping (104)
Boostrapping (105)
Boostrapping (106)
Boostrapping (107)
Boostrapping (108)
Boostrapping (109)
Boostrapping (110)
Boostrapping (111)
Boostrapping (112)
Boostrapping (113)
Boostrapping (114)
Boostrapping (115)
Boostrapping (116)
Boostrapping (117)
Boostrapping (118)
Boostrapping (119)
Boostrapping (120)
Boostrapping (121)
Boostrapping (122)
Boostrapping (123)
Boostrapping (124)
Boostrapping (125)
Boostrapping (126)
Boostrapping (127)
Boostrapping (128)
Boostrapping (129)
Boostrapping (130)
Boostrapping (131)
Boostrapping (132)
Boostrapping (133)
Boostrapping (134)
Boostrapping (135)
Boostrapping (136)
Boostrapping (137)
Boostrapping (138)
Boostrapping (139)
Boostrapping (140)
Boostrapping (141)
Boostrapping (142)
Boostrapping (143)
Boostrapping (144)
Boostrapping (145)
Boostrapping (146)
Boostrapping (147)
Boostrapping (148)
Boostrapping (149)
Boostrapping (150)
Boostrapping (151)
Boostrapping (152)
Boostrapping (153)
Boostrapping (154)
Boostrapping (155)
Boostrapping (156)
Boostrapping (157)
Boostrapping (158)
Boostrapping (159)
Boostrapping (160)
Boostrapping (161)
Boostrapping (162)
Boostrapping (163)
Boostrapping (164)
Boostrapping (165)
Boostrapping (166)
Boostrapping (167)
Boostrapping (168)
Boostrapping (169)
Boostrapping (170)
Boostrapping (171)
Boostrapping (172)
Boostrapping (173)
Boostrapping (174)
Boostrapping (175)
Boostrapping (176)
Boostrapping (177)
Boostrapping (178)
Boostrapping (179)
Boostrapping (180)
Boostrapping (181)
Boostrapping (182)
Boostrapping (183)
Boostrapping (184)
Boostrapping (185)
Boostrapping (186)
Boostrapping (187)
Boostrapping (188)
Boostrapping (189)
Boostrapping (190)
Boostrapping (191)
Boostrapping (192)
Boostrapping (193)
Boostrapping (194)
Boostrapping (195)
Boostrapping (196)
Boostrapping (197)
Boostrapping (198)
Boostrapping (199)
AUC difference (Model 2 - Model 1): 0.0310 (95% CI: 0.0217 to 0.0387), p=0.0000
